2024-07-04 08:34:16,334 - root - INFO - ***************** Product Browsing Scenerio *********************************
2024-07-04 08:34:17,079 - root - INFO - ***************** Browser Launched Succesfully *********************************
2024-07-04 08:34:18,770 - root - INFO - ***************** Product Browsing checked *********************************
2024-07-04 08:36:29,321 - root - INFO - ***************** Product Browsing Scenerio *********************************
2024-07-04 08:36:31,241 - root - INFO - ***************** Browser Launched Succesfully *********************************
2024-07-04 08:36:31,402 - root - INFO - ***************** Product Browsing checked *********************************
2024-07-04 08:39:00,194 - root - INFO - ***************** Test_Signup_Possitive_Scenerio *********************************
2024-07-04 08:39:00,784 - root - INFO - ***************** Browser Launched *********************************
2024-07-04 08:39:03,122 - root - INFO - ***************** Sign up Succesfully *********************************
2024-07-04 08:39:11,455 - root - INFO - ***************** Sign up Negative Scenerio*********************************
2024-07-04 08:39:13,153 - root - INFO - ***************** Browser Launched *********************************
2024-07-04 08:39:13,929 - root - INFO - ***************** Sign up Failed *********************************
2024-07-04 08:39:37,774 - root - INFO - ***************** Product Browsing Scenerio *********************************
2024-07-04 08:39:38,241 - root - INFO - ***************** Browser Launched Succesfully *********************************
2024-07-04 08:39:39,418 - root - INFO - ***************** Product Browsing checked *********************************
2024-07-04 08:39:47,480 - root - INFO - ***************** Add Product to cart Scenerio *********************************
2024-07-04 08:39:51,527 - root - INFO - ***************** Checkout Testing Scenerio *********************************
2024-07-04 08:39:55,432 - root - INFO - ***************** Logout Scenerio Testing *********************************
2024-07-04 09:05:26,756 - root - INFO - ***************** Test_Signup_Possitive_Scenerio *********************************
2024-07-04 09:05:28,323 - root - INFO - ***************** Browser Launched *********************************
2024-07-04 09:05:29,253 - root - INFO - ***************** Sign up Succesfully *********************************
2024-07-04 09:05:37,832 - root - INFO - ***************** Sign up Negative Scenerio*********************************
2024-07-04 09:05:39,354 - root - INFO - ***************** Browser Launched *********************************
2024-07-04 09:05:40,249 - root - INFO - ***************** Sign up Failed *********************************
2024-07-04 09:05:48,469 - root - INFO - ***************** Login Possitive test case *********************************
2024-07-04 09:05:48,916 - root - INFO - ***************** Browser Launched *********************************
2024-07-04 09:05:50,705 - root - INFO - ***************** login Succesfully *********************************
2024-07-04 09:06:06,599 - root - INFO - ***************** Login Possitive test case *********************************
2024-07-04 09:06:08,212 - root - INFO - ***************** Browser Launched *********************************
2024-07-04 09:06:09,081 - root - INFO - ***************** login Succesfully *********************************
2024-07-04 09:06:09,081 - root - INFO - ***************** Product Browsing Scenerio *********************************
2024-07-04 09:06:14,030 - root - INFO - ***************** Add Product to cart Scenerio *********************************
2024-07-04 09:06:19,035 - root - INFO - ***************** Checkout Testing Scenerio *********************************
2024-07-04 09:06:31,064 - root - INFO - ***************** Logout Scenerio Testing *********************************
2024-07-04 09:09:25,447 - root - INFO - ***************** Test_Signup_Positive_Scenario *********************************
2024-07-04 09:09:26,140 - root - INFO - ***************** Browser Launched *********************************
2024-07-04 09:09:30,382 - root - INFO - ***************** Sign up Negative Scenario *********************************
2024-07-04 09:09:30,867 - root - INFO - ***************** Browser Launched *********************************
2024-07-04 09:09:33,638 - root - INFO - ***************** Login Positive Test Case *********************************
2024-07-04 09:09:33,688 - root - INFO - ***************** Browser Launched *********************************
2024-07-04 09:09:35,597 - root - INFO - ***************** Login Negative Test Case *********************************
2024-07-04 09:09:36,602 - root - INFO - ***************** Browser Launched Successfully *********************************
2024-07-04 09:09:39,370 - root - INFO - ***************** Login Positive Test Case *********************************
2024-07-04 09:09:39,723 - root - INFO - ***************** Browser Launched *********************************
2024-07-04 09:09:41,564 - root - INFO - ***************** Add Product to Cart Scenario *********************************
2024-07-04 09:09:42,687 - root - INFO - ***************** Checkout Testing Scenario *********************************
2024-07-04 09:09:43,805 - root - INFO - ***************** Logout Scenario Testing *********************************
2024-07-04 09:11:06,895 - root - INFO - ***************** Test_Signup_Positive_Scenario *********************************
2024-07-04 09:11:08,489 - root - INFO - ***************** Browser Launched *********************************
2024-07-04 09:11:11,472 - root - INFO - ***************** Sign up Negative Scenario *********************************
2024-07-04 09:11:11,527 - root - INFO - ***************** Browser Launched *********************************
2024-07-04 09:11:14,345 - root - INFO - ***************** Login Positive Test Case *********************************
2024-07-04 09:11:14,396 - root - INFO - ***************** Browser Launched *********************************
2024-07-04 09:11:17,281 - root - INFO - ***************** Login Successfully *********************************
2024-07-04 09:11:17,285 - root - INFO - ***************** Login Negative Test Case *********************************
2024-07-04 09:11:18,032 - root - INFO - ***************** Browser Launched Successfully *********************************
2024-07-04 09:11:20,901 - root - INFO - ***************** Login Positive Test Case *********************************
2024-07-04 09:11:20,957 - root - INFO - ***************** Browser Launched *********************************
2024-07-04 09:11:21,737 - root - INFO - ***************** Login Successfully *********************************
2024-07-04 09:11:21,737 - root - INFO - ***************** Product Browsing Scenario *********************************
2024-07-04 09:11:27,967 - root - INFO - ***************** Product Browsing Checked *********************************
2024-07-04 09:11:27,975 - root - INFO - ***************** Add Product to Cart Scenario *********************************
2024-07-04 09:11:56,588 - root - INFO - ***************** Product Last Page *********************************
2024-07-04 09:11:56,666 - root - INFO - ***************** Checkout Testing Scenario *********************************
2024-07-04 09:11:56,737 - root - INFO - ***************** Logout Scenario Testing *********************************
2024-07-04 09:17:24,435 - root - INFO - ***************** Test_Signup_Positive_Scenario *********************************
2024-07-04 09:17:26,330 - root - INFO - ***************** Browser Launched *********************************
2024-07-04 09:17:29,284 - root - INFO - ***************** Sign up Negative Scenario *********************************
2024-07-04 09:17:29,349 - root - INFO - ***************** Browser Launched *********************************
2024-07-04 09:17:32,134 - root - INFO - ***************** Login Positive Test Case *********************************
2024-07-04 09:17:32,177 - root - INFO - ***************** Browser Launched *********************************
2024-07-04 09:17:36,221 - root - INFO - ***************** Login Successfully *********************************
2024-07-04 09:17:36,222 - root - INFO - ***************** Login Negative Test Case *********************************
2024-07-04 09:17:36,626 - root - INFO - ***************** Browser Launched Successfully *********************************
2024-07-04 09:17:39,417 - root - INFO - ***************** Login Positive Test Case *********************************
2024-07-04 09:17:39,455 - root - INFO - ***************** Browser Launched *********************************
2024-07-04 09:17:40,207 - root - INFO - ***************** Login Successfully *********************************
2024-07-04 09:17:40,207 - root - INFO - ***************** Product Browsing Scenario *********************************
2024-07-04 09:17:46,407 - root - INFO - ***************** Product Browsing Checked *********************************
2024-07-04 09:17:46,409 - root - INFO - ***************** Add Product to Cart Scenario *********************************
2024-07-04 09:17:49,279 - root - INFO - ***************** Product Last Page *********************************
2024-07-04 09:17:49,360 - root - INFO - ***************** Checkout Testing Scenario *********************************
2024-07-04 09:17:52,942 - root - INFO - ***************** Checkout Successfully *********************************
2024-07-04 09:17:52,942 - root - INFO - ***************** Logout Scenario Testing *********************************
2024-07-04 09:22:15,744 - root - INFO - ***************** Test_Signup_Positive_Scenario *********************************
2024-07-04 09:22:17,319 - root - INFO - ***************** Browser Launched *********************************
2024-07-04 09:22:20,333 - root - INFO - ***************** Sign up Negative Scenario *********************************
2024-07-04 09:22:20,393 - root - INFO - ***************** Browser Launched *********************************
2024-07-04 09:22:23,144 - root - INFO - ***************** Login Positive Test Case *********************************
2024-07-04 09:22:23,543 - root - INFO - ***************** Browser Launched *********************************
2024-07-04 09:22:26,942 - root - INFO - ***************** Login Successfully *********************************
2024-07-04 09:22:26,945 - root - INFO - ***************** Login Negative Test Case *********************************
2024-07-04 09:22:27,304 - root - INFO - ***************** Browser Launched Successfully *********************************
2024-07-04 09:22:30,132 - root - INFO - ***************** Product Browsing Scenario *********************************
2024-07-04 09:22:31,265 - root - INFO - ***************** Add Product to Cart Scenario *********************************
2024-07-04 09:22:32,413 - root - INFO - ***************** Checkout Testing Scenario *********************************
2024-07-04 09:22:33,500 - root - INFO - ***************** Logout Scenario Testing *********************************
2024-07-04 09:23:51,935 - root - INFO - ***************** Test_Signup_Positive_Scenario *********************************
2024-07-04 09:23:52,463 - root - INFO - ***************** Browser Launched *********************************
2024-07-04 09:23:56,454 - root - INFO - ***************** Sign up Negative Scenario *********************************
2024-07-04 09:23:56,521 - root - INFO - ***************** Browser Launched *********************************
2024-07-04 09:23:59,326 - root - INFO - ***************** Login Positive Test Case *********************************
2024-07-04 09:23:59,380 - root - INFO - ***************** Browser Launched *********************************
2024-07-04 09:24:03,241 - root - INFO - ***************** Login Successfully *********************************
2024-07-04 09:24:03,244 - root - INFO - ***************** Login Negative Test Case *********************************
2024-07-04 09:24:03,579 - root - INFO - ***************** Browser Launched Successfully *********************************
2024-07-04 09:24:06,404 - root - INFO - ***************** Login Positive Test Case *********************************
2024-07-04 09:24:06,832 - root - INFO - ***************** Browser Launched *********************************
2024-07-04 09:24:07,658 - root - INFO - ***************** Login Successfully *********************************
2024-07-04 09:24:07,658 - root - INFO - ***************** Product Browsing Scenario *********************************
2024-07-04 09:24:08,525 - root - INFO - ***************** Add Product to Cart Scenario *********************************
2024-07-04 09:24:11,264 - root - INFO - ***************** Product Last Page *********************************
2024-07-04 09:24:11,321 - root - INFO - ***************** Checkout Testing Scenario *********************************
2024-07-04 09:24:14,477 - root - INFO - ***************** Checkout Successfully *********************************
2024-07-04 09:24:14,478 - root - INFO - ***************** Logout Scenario Testing *********************************
2024-07-04 09:31:54,420 - root - INFO - ***************** Test_Signup_Positive_Scenario *********************************
2024-07-04 09:31:56,741 - root - INFO - ***************** Browser Launched *********************************
2024-07-04 09:31:59,908 - root - INFO - ***************** Sign up Negative Scenario *********************************
2024-07-04 09:31:59,989 - root - INFO - ***************** Browser Launched *********************************
2024-07-04 09:32:02,973 - root - INFO - ***************** Login Positive Test Case *********************************
2024-07-04 09:32:03,030 - root - INFO - ***************** Browser Launched *********************************
2024-07-04 09:32:09,912 - root - INFO - ***************** Login Successfully *********************************
2024-07-04 09:32:09,924 - root - INFO - ***************** Login Negative Test Case *********************************
2024-07-04 09:32:09,978 - root - INFO - ***************** Browser Launched Successfully *********************************
2024-07-04 09:32:13,076 - root - INFO - ***************** Login Positive Test Case *********************************
2024-07-04 09:32:13,163 - root - INFO - ***************** Browser Launched *********************************
2024-07-04 09:32:14,151 - root - INFO - ***************** Login Successfully *********************************
2024-07-04 09:32:14,151 - root - INFO - ***************** Product Browsing Scenario *********************************
2024-07-04 09:32:15,754 - root - INFO - ***************** Login Positive Test Case *********************************
2024-07-04 09:32:16,145 - root - INFO - ***************** Browser Launched *********************************
2024-07-04 09:32:17,049 - root - INFO - ***************** Login Successfully *********************************
2024-07-04 09:32:17,049 - root - INFO - ***************** Add Product to Cart Scenario *********************************
2024-07-04 09:32:18,276 - root - INFO - ***************** Checkout Testing Scenario *********************************
2024-07-04 09:32:20,409 - root - INFO - ***************** Logout Scenario Testing *********************************
2024-07-04 10:29:17,597 - root - INFO - ***************** Test_Signup_Positive_Scenario *********************************
2024-07-04 10:29:19,222 - root - INFO - ***************** Browser Launched *********************************
2024-07-04 10:29:22,825 - root - INFO - ***************** Sign up Negative Scenario *********************************
2024-07-04 10:29:23,401 - root - INFO - ***************** Browser Launched *********************************
2024-07-04 10:29:26,535 - root - INFO - ***************** Login Positive Test Case *********************************
2024-07-04 10:29:27,952 - root - INFO - ***************** Browser Launched *********************************
2024-07-04 10:29:31,767 - root - INFO - ***************** Login Successfully *********************************
2024-07-04 10:29:31,768 - root - INFO - ***************** Login Negative Test Case *********************************
2024-07-04 10:29:32,204 - root - INFO - ***************** Browser Launched Successfully *********************************
2024-07-04 10:29:35,292 - root - INFO - ***************** Login Positive Test Case *********************************
2024-07-04 10:29:35,776 - root - INFO - ***************** Browser Launched *********************************
2024-07-04 10:29:39,739 - root - INFO - ***************** Login Successfully *********************************
2024-07-04 10:29:39,739 - root - INFO - ***************** Product Browsing Scenario *********************************
2024-07-04 10:29:42,002 - root - INFO - ***************** Login Positive Test Case *********************************
2024-07-04 10:29:42,405 - root - INFO - ***************** Browser Launched *********************************
2024-07-04 10:29:43,390 - root - INFO - ***************** Login Successfully *********************************
2024-07-04 10:29:43,390 - root - INFO - ***************** Add Product to Cart Scenario *********************************
2024-07-04 10:29:44,927 - root - INFO - ***************** Checkout Testing Scenario *********************************
2024-07-04 10:29:48,600 - root - INFO - ***************** Checkout Successfully *********************************
2024-07-04 10:29:48,607 - root - INFO - ***************** Logout Scenario Testing *********************************
2024-07-04 10:34:19,838 - root - INFO - ***************** Test_Signup_Positive_Scenario *********************************
2024-07-04 10:34:22,725 - root - INFO - ***************** Browser Launched *********************************
2024-07-04 10:34:26,126 - root - INFO - ***************** Sign up Negative Scenario *********************************
2024-07-04 10:34:26,207 - root - INFO - ***************** Browser Launched *********************************
2024-07-04 10:34:29,206 - root - INFO - ***************** Login Positive Test Case *********************************
2024-07-04 10:34:30,893 - root - INFO - ***************** Browser Launched *********************************
2024-07-04 10:34:34,580 - root - INFO - ***************** Login Successfully *********************************
2024-07-04 10:34:34,587 - root - INFO - ***************** Login Negative Test Case *********************************
2024-07-04 10:34:34,659 - root - INFO - ***************** Browser Launched Successfully *********************************
2024-07-04 10:34:37,720 - root - INFO - ***************** Login Positive Test Case *********************************
2024-07-04 10:34:37,793 - root - INFO - ***************** Browser Launched *********************************
2024-07-04 10:34:38,739 - root - INFO - ***************** Login Successfully *********************************
2024-07-04 10:34:38,739 - root - INFO - ***************** Product Browsing Scenario *********************************
2024-07-04 10:34:41,824 - root - INFO - ***************** Login Positive Test Case *********************************
2024-07-04 10:34:42,620 - root - INFO - ***************** Browser Launched *********************************
2024-07-04 10:34:43,585 - root - INFO - ***************** Login Successfully *********************************
2024-07-04 10:34:43,585 - root - INFO - ***************** Add Product to Cart Scenario *********************************
2024-07-04 10:34:45,042 - root - INFO - ***************** Checkout Testing Scenario *********************************
2024-07-04 10:34:48,651 - root - INFO - ***************** Checkout Successfully *********************************
2024-07-04 10:34:48,651 - root - INFO - ***************** Logout Scenario Testing *********************************
2024-07-04 10:40:20,355 - root - INFO - ***************** Test_Signup_Positive_Scenario *********************************
2024-07-04 10:40:22,170 - root - INFO - ***************** Browser Launched *********************************
2024-07-04 10:40:25,764 - root - INFO - ***************** Sign up Negative Scenario *********************************
2024-07-04 10:40:26,485 - root - INFO - ***************** Browser Launched *********************************
2024-07-04 10:40:29,509 - root - INFO - ***************** Login Positive Test Case *********************************
2024-07-04 10:40:31,043 - root - INFO - ***************** Browser Launched *********************************
2024-07-04 10:40:34,233 - root - INFO - ***************** Login Successfully *********************************
2024-07-04 10:40:34,237 - root - INFO - ***************** Login Negative Test Case *********************************
2024-07-04 10:40:34,663 - root - INFO - ***************** Browser Launched Successfully *********************************
2024-07-04 10:40:37,847 - root - INFO - ***************** Login Positive Test Case *********************************
2024-07-04 10:40:38,290 - root - INFO - ***************** Browser Launched *********************************
2024-07-04 10:40:39,307 - root - INFO - ***************** Login Successfully *********************************
2024-07-04 10:40:39,307 - root - INFO - ***************** Product Browsing Scenario *********************************
2024-07-04 10:40:42,054 - root - INFO - ***************** Login Positive Test Case *********************************
2024-07-04 10:40:43,044 - root - INFO - ***************** Browser Launched *********************************
2024-07-04 10:40:44,040 - root - INFO - ***************** Login Successfully *********************************
2024-07-04 10:40:44,040 - root - INFO - ***************** Add Product to Cart Scenario *********************************
2024-07-04 10:40:45,030 - root - INFO - ***************** Checkout Testing Scenario *********************************
2024-07-04 10:40:48,605 - root - INFO - ***************** Checkout Successfully *********************************
2024-07-04 10:40:48,613 - root - INFO - ***************** Logout Scenario Testing *********************************
2024-07-04 10:44:20,134 - root - INFO - ***************** Test_Signup_Positive_Scenario *********************************
2024-07-04 10:44:20,785 - root - INFO - ***************** Browser Launched *********************************
2024-07-04 10:44:25,239 - root - INFO - ***************** Sign up Negative Scenario *********************************
2024-07-04 10:44:25,314 - root - INFO - ***************** Browser Launched *********************************
2024-07-04 10:44:28,276 - root - INFO - ***************** Login Positive Test Case *********************************
2024-07-04 10:44:28,748 - root - INFO - ***************** Browser Launched *********************************
2024-07-04 10:44:33,166 - root - INFO - ***************** Login Successfully *********************************
2024-07-04 10:44:33,166 - root - INFO - ***************** Login Negative Test Case *********************************
2024-07-04 10:44:33,572 - root - INFO - ***************** Browser Launched Successfully *********************************
2024-07-04 10:44:36,575 - root - INFO - ***************** Login Positive Test Case *********************************
2024-07-04 10:44:36,640 - root - INFO - ***************** Browser Launched *********************************
2024-07-04 10:44:37,556 - root - INFO - ***************** Login Successfully *********************************
2024-07-04 10:44:37,557 - root - INFO - ***************** Product Browsing Scenario *********************************
2024-07-04 10:44:39,908 - root - INFO - ***************** Login Positive Test Case *********************************
2024-07-04 10:44:40,943 - root - INFO - ***************** Browser Launched *********************************
2024-07-04 10:44:43,658 - root - INFO - ***************** Login Successfully *********************************
2024-07-04 10:44:43,658 - root - INFO - ***************** Add Product to Cart Scenario *********************************
2024-07-04 10:44:45,480 - root - INFO - ***************** Product Last Page *********************************
2024-07-04 10:44:48,540 - root - INFO - ***************** Checkout Testing Scenario *********************************
2024-07-04 10:44:52,110 - root - INFO - ***************** Checkout Successfully *********************************
2024-07-04 10:44:52,116 - root - INFO - ***************** Logout Scenario Testing *********************************
2024-07-04 10:50:52,896 - root - INFO - ***************** Test_Signup_Positive_Scenario *********************************
2024-07-04 10:50:53,753 - root - INFO - ***************** Browser Launched *********************************
2024-07-04 10:50:58,282 - root - INFO - ***************** Sign up Negative Scenario *********************************
2024-07-04 10:50:58,362 - root - INFO - ***************** Browser Launched *********************************
2024-07-04 10:51:01,330 - root - INFO - ***************** Login Positive Test Case *********************************
2024-07-04 10:51:01,398 - root - INFO - ***************** Browser Launched *********************************
2024-07-04 10:51:05,624 - root - INFO - ***************** Login Successfully *********************************
2024-07-04 10:51:05,634 - root - INFO - ***************** Login Negative Test Case *********************************
2024-07-04 10:51:05,989 - root - INFO - ***************** Browser Launched Successfully *********************************
2024-07-04 10:51:09,083 - root - INFO - ***************** Login Positive Test Case *********************************
2024-07-04 10:51:09,307 - root - INFO - ***************** Browser Launched *********************************
2024-07-04 10:51:10,360 - root - INFO - ***************** Login Successfully *********************************
2024-07-04 10:51:10,360 - root - INFO - ***************** Product Browsing Scenario *********************************
2024-07-04 10:51:12,736 - root - INFO - ***************** Login Positive Test Case *********************************
2024-07-04 10:51:14,127 - root - INFO - ***************** Browser Launched *********************************
2024-07-04 10:51:15,170 - root - INFO - ***************** Login Successfully *********************************
2024-07-04 10:51:15,170 - root - INFO - ***************** Add Product to Cart Scenario *********************************
2024-07-04 10:51:16,496 - root - INFO - ***************** Checkout Testing Scenario *********************************
2024-07-04 10:51:20,194 - root - INFO - ***************** Checkout Successfully *********************************
2024-07-04 10:51:20,194 - root - INFO - ***************** Logout Scenario Testing *********************************
2024-07-04 10:54:42,443 - root - INFO - ***************** Test_Signup_Positive_Scenario *********************************
2024-07-04 10:54:45,103 - root - INFO - ***************** Browser Launched *********************************
2024-07-04 10:54:48,446 - root - INFO - ***************** Sign up Negative Scenario *********************************
2024-07-04 10:54:49,607 - root - INFO - ***************** Browser Launched *********************************
2024-07-04 10:54:52,716 - root - INFO - ***************** Login Positive Test Case *********************************
2024-07-04 10:54:53,792 - root - INFO - ***************** Browser Launched *********************************
2024-07-04 10:54:57,388 - root - INFO - ***************** Login Successfully *********************************
2024-07-04 10:54:57,389 - root - INFO - ***************** Login Negative Test Case *********************************
2024-07-04 10:54:57,738 - root - INFO - ***************** Browser Launched Successfully *********************************
2024-07-04 10:54:57,879 - root - INFO - ***************** Login Positive Test Case *********************************
2024-07-04 10:54:57,944 - root - INFO - ***************** Browser Launched *********************************
2024-07-04 10:54:58,974 - root - INFO - ***************** Login Successfully *********************************
2024-07-04 10:54:58,974 - root - INFO - ***************** Product Browsing Scenario *********************************
2024-07-04 10:55:01,384 - root - INFO - ***************** Login Positive Test Case *********************************
2024-07-04 10:55:01,784 - root - INFO - ***************** Browser Launched *********************************
2024-07-04 10:55:02,761 - root - INFO - ***************** Login Successfully *********************************
2024-07-04 10:55:02,761 - root - INFO - ***************** Add Product to Cart Scenario *********************************
2024-07-04 10:55:03,995 - root - INFO - ***************** Checkout Testing Scenario *********************************
2024-07-04 10:55:07,584 - root - INFO - ***************** Checkout Successfully *********************************
2024-07-04 10:55:07,584 - root - INFO - ***************** Logout Scenario Testing *********************************
2024-07-04 10:58:25,430 - root - INFO - ***************** Test_Signup_Positive_Scenario *********************************
2024-07-04 10:58:27,015 - root - INFO - ***************** Browser Launched *********************************
2024-07-04 10:58:30,280 - root - INFO - ***************** Sign up Negative Scenario *********************************
2024-07-04 10:58:30,793 - root - INFO - ***************** Browser Launched *********************************
2024-07-04 10:58:33,720 - root - INFO - ***************** Login Positive Test Case *********************************
2024-07-04 10:58:33,776 - root - INFO - ***************** Browser Launched *********************************
2024-07-04 10:58:37,959 - root - INFO - ***************** Login Successfully *********************************
2024-07-04 10:58:37,959 - root - INFO - ***************** Login Negative Test Case *********************************
2024-07-04 10:58:38,078 - root - INFO - ***************** Browser Launched Successfully *********************************
2024-07-04 10:58:41,204 - root - INFO - ***************** Login Positive Test Case *********************************
2024-07-04 10:58:41,690 - root - INFO - ***************** Browser Launched *********************************
2024-07-04 10:58:42,666 - root - INFO - ***************** Login Successfully *********************************
2024-07-04 10:58:42,666 - root - INFO - ***************** Product Browsing Scenario *********************************
2024-07-04 10:58:44,968 - root - INFO - ***************** Login Positive Test Case *********************************
2024-07-04 10:58:45,826 - root - INFO - ***************** Browser Launched *********************************
2024-07-04 10:58:46,809 - root - INFO - ***************** Login Successfully *********************************
2024-07-04 10:58:46,809 - root - INFO - ***************** Add Product to Cart Scenario *********************************
2024-07-04 10:58:48,349 - root - INFO - ***************** Checkout Testing Scenario *********************************
2024-07-04 10:58:52,126 - root - INFO - ***************** Checkout Successfully *********************************
2024-07-04 10:58:52,132 - root - INFO - ***************** Logout Scenario Testing *********************************
